Performing C SOURCE FILE Test CMAKE_HAVE_LIBC_PTHREAD failed with the following output:
Change Dir: /home/subho/catkin_w_s/src/quadcopter_perception/build/CMakeFiles/CMakeTmp

Run Build Command(s):/usr/bin/ninja cmTC_459d6 && [1/2] Building C object CMakeFiles/cmTC_459d6.dir/src.c.o
[2/2] Linking C executable cmTC_459d6
FAILED: cmTC_459d6 
: && /usr/lib/ccache/cc -DCMAKE_HAVE_LIBC_PTHREAD  -rdynamic CMakeFiles/cmTC_459d6.dir/src.c.o  -o cmTC_459d6   && :
/usr/bin/ld: CMakeFiles/cmTC_459d6.dir/src.c.o: in function `main':
src.c:(.text+0x48): undefined reference to `pthread_create'
/usr/bin/ld: src.c:(.text+0x50): undefined reference to `pthread_detach'
/usr/bin/ld: src.c:(.text+0x5c): undefined reference to `pthread_join'
collect2: error: ld returned 1 exit status
ninja: build stopped: subcommand failed.


Source file was:
#include <pthread.h>

void* test_func(void* data)
{
  return data;
}

int main(void)
{
  pthread_t thread;
  pthread_create(&thread, NULL, test_func, NULL);
  pthread_detach(thread);
  pthread_join(thread, NULL);
  pthread_atfork(NULL, NULL, NULL);
  pthread_exit(NULL);

  return 0;
}

Determining if the function pthread_create exists in the pthreads failed with the following output:
Change Dir: /home/subho/catkin_w_s/src/quadcopter_perception/build/CMakeFiles/CMakeTmp

Run Build Command(s):/usr/bin/ninja cmTC_e496a && [1/2] Building C object CMakeFiles/cmTC_e496a.dir/CheckFunctionExists.c.o
[2/2] Linking C executable cmTC_e496a
FAILED: cmTC_e496a 
: && /usr/lib/ccache/cc -DCHECK_FUNCTION_EXISTS=pthread_create  -rdynamic CMakeFiles/cmTC_e496a.dir/CheckFunctionExists.c.o  -o cmTC_e496a  -lpthreads && :
/usr/bin/ld: cannot find -lpthreads
collect2: error: ld returned 1 exit status
ninja: build stopped: subcommand failed.



Performing C SOURCE FILE Test CMAKE_HAVE_LIBC_PTHREAD failed with the following output:
Change Dir: /home/subho/catkin_w_s/src/quadcopter_perception/build/CMakeFiles/CMakeTmp

Run Build Command(s):/usr/bin/make cmTC_51488/fast && /usr/bin/make -f CMakeFiles/cmTC_51488.dir/build.make CMakeFiles/cmTC_51488.dir/build
make[1]: Entering directory '/home/subho/catkin_w_s/src/quadcopter_perception/build/CMakeFiles/CMakeTmp'
Building C object CMakeFiles/cmTC_51488.dir/src.c.o
/usr/lib/ccache/cc   -DCMAKE_HAVE_LIBC_PTHREAD   -o CMakeFiles/cmTC_51488.dir/src.c.o   -c /home/subho/catkin_w_s/src/quadcopter_perception/build/CMakeFiles/CMakeTmp/src.c
Linking C executable cmTC_51488
/usr/bin/cmake -E cmake_link_script CMakeFiles/cmTC_51488.dir/link.txt --verbose=1
/usr/lib/ccache/cc  -DCMAKE_HAVE_LIBC_PTHREAD    -rdynamic CMakeFiles/cmTC_51488.dir/src.c.o  -o cmTC_51488 
/usr/bin/ld: CMakeFiles/cmTC_51488.dir/src.c.o: in function `main':
src.c:(.text+0x48): undefined reference to `pthread_create'
/usr/bin/ld: src.c:(.text+0x50): undefined reference to `pthread_detach'
/usr/bin/ld: src.c:(.text+0x5c): undefined reference to `pthread_join'
collect2: error: ld returned 1 exit status
make[1]: *** [CMakeFiles/cmTC_51488.dir/build.make:87: cmTC_51488] Error 1
make[1]: Leaving directory '/home/subho/catkin_w_s/src/quadcopter_perception/build/CMakeFiles/CMakeTmp'
make: *** [Makefile:121: cmTC_51488/fast] Error 2


Source file was:
#include <pthread.h>

void* test_func(void* data)
{
  return data;
}

int main(void)
{
  pthread_t thread;
  pthread_create(&thread, NULL, test_func, NULL);
  pthread_detach(thread);
  pthread_join(thread, NULL);
  pthread_atfork(NULL, NULL, NULL);
  pthread_exit(NULL);

  return 0;
}

Determining if the function pthread_create exists in the pthreads failed with the following output:
Change Dir: /home/subho/catkin_w_s/src/quadcopter_perception/build/CMakeFiles/CMakeTmp

Run Build Command(s):/usr/bin/make cmTC_1c191/fast && /usr/bin/make -f CMakeFiles/cmTC_1c191.dir/build.make CMakeFiles/cmTC_1c191.dir/build
make[1]: Entering directory '/home/subho/catkin_w_s/src/quadcopter_perception/build/CMakeFiles/CMakeTmp'
Building C object CMakeFiles/cmTC_1c191.dir/CheckFunctionExists.c.o
/usr/lib/ccache/cc   -DCHECK_FUNCTION_EXISTS=pthread_create   -o CMakeFiles/cmTC_1c191.dir/CheckFunctionExists.c.o   -c /usr/share/cmake-3.16/Modules/CheckFunctionExists.c
Linking C executable cmTC_1c191
/usr/bin/cmake -E cmake_link_script CMakeFiles/cmTC_1c191.dir/link.txt --verbose=1
/usr/lib/ccache/cc  -DCHECK_FUNCTION_EXISTS=pthread_create    -rdynamic CMakeFiles/cmTC_1c191.dir/CheckFunctionExists.c.o  -o cmTC_1c191  -lpthreads 
/usr/bin/ld: cannot find -lpthreads
collect2: error: ld returned 1 exit status
make[1]: *** [CMakeFiles/cmTC_1c191.dir/build.make:87: cmTC_1c191] Error 1
make[1]: Leaving directory '/home/subho/catkin_w_s/src/quadcopter_perception/build/CMakeFiles/CMakeTmp'
make: *** [Makefile:121: cmTC_1c191/fast] Error 2



